<?xml version="1.0" encoding="UTF-8"?>
<!-- Generated by org.testng.reporters.JUnitReportReporter -->
<testsuite hostname="LAPTOP-481J7GHU" failures="0" tests="1" name="dynamicJson.DynamicJson" time="4.080" errors="0" timestamp="2023-04-13T09:36:39 IST" skipped="0">
  <testcase classname="dynamicJson.DynamicJson" name="addBook" time="4.080"/>
  <system-out/>
</testsuite> <!-- dynamicJson.DynamicJson -->
