<?xml version="1.0" encoding="UTF-8"?>
<!-- Generated by org.testng.reporters.JUnitReportReporter -->
<testsuite hostname="LAPTOP-481J7GHU" failures="0" tests="1" name="jsonFiles.SumValidation" time="1.759" errors="0" timestamp="2023-04-12T21:45:23 IST" skipped="0">
  <testcase classname="jsonFiles.SumValidation" name="sumOfCourse" time="1.759"/>
  <system-out/>
</testsuite> <!-- jsonFiles.SumValidation -->
