<?xml version="1.0" encoding="UTF-8"?>
<!-- Generated by org.testng.reporters.JUnitReportReporter -->
<testsuite hostname="LAPTOP-481J7GHU" failures="0" tests="1" name="jiraTest.Jira_Test_first" time="8.038" errors="0" timestamp="2023-04-20T00:22:25 IST" skipped="0">
  <testcase classname="jiraTest.Jira_Test_first" name="endtoendFlow" time="8.038"/>
  <system-out/>
</testsuite> <!-- jiraTest.Jira_Test_first -->
