<?xml version="1.0" encoding="UTF-8"?>
<!-- Generated by org.testng.reporters.JUnitReportReporter -->
<testsuite hostname="LAPTOP-481J7GHU" failures="0" tests="8" name="dynamicJson.DynamicJson" time="5.940" errors="0" timestamp="2023-04-17T20:55:21 IST" skipped="0">
  <testcase classname="dynamicJson.DynamicJson" name="addBook" time="0.418"/>
  <system-out/>
  <testcase classname="dynamicJson.DynamicJson" name="addBook" time="0.475"/>
  <system-out/>
  <testcase classname="dynamicJson.DynamicJson" name="addBook" time="0.405"/>
  <system-out/>
  <testcase classname="dynamicJson.DynamicJson" name="addBook" time="0.482"/>
  <system-out/>
  <testcase classname="dynamicJson.DynamicJson" name="addBook" time="0.360"/>
  <system-out/>
  <testcase classname="dynamicJson.DynamicJson" name="addBook" time="0.392"/>
  <system-out/>
  <testcase classname="dynamicJson.DynamicJson" name="addBook" time="2.991"/>
  <system-out/>
  <testcase classname="dynamicJson.DynamicJson" name="addBook" time="0.417"/>
  <system-out/>
</testsuite> <!-- dynamicJson.DynamicJson -->
